app/build/outputs/logs/manifest-merger-release-report.txt
-- Merging decision tree log ---
manifest
ADDED from src\main\AndroidManifest.xml:2:1-96:12
	package
		ADDED from src\main\AndroidManifest.xml:3:5-49
		INJECTED from src\main\AndroidManifest.xml
		INJECTED from src\main\AndroidManifest.xml
	android:versionName
		INJECTED from src\main\AndroidManifest.xml
		INJECTED from src\main\AndroidManifest.xml
	xmlns:android
		ADDED from src\main\AndroidManifest.xml:2:11-69
	android:versionCode
		INJECTED from src\main\AndroidManifest.xml
		INJECTED from src\main\AndroidManifest.xml
uses-permission#android.permission.INTERNET
ADDED from src\main\AndroidManifest.xml:6:5-67
	android:name
		ADDED from src\main\AndroidManifest.xml:6:22-64
uses-permission#android.permission.ACCESS_NETWORK_STATE
ADDED from src\main\AndroidManifest.xml:8:5-79
	android:name
		ADDED from src\main\AndroidManifest.xml:8:22-76
uses-permission#android.permission.ACCESS_WIFI_STATE
ADDED from src\main\AndroidManifest.xml:9:5-76
	android:name
		ADDED from src\main\AndroidManifest.xml:9:22-73
uses-permission#android.permission.READ_USER_DICTIONARY
ADDED from src\main\AndroidManifest.xml:11:5-79
	android:name
		ADDED from src\main\AndroidManifest.xml:11:22-76
uses-permission#android.permission.WRITE_USER_DICTIONARY
ADDED from src\main\AndroidManifest.xml:12:5-80
	android:name
		ADDED from src\main\AndroidManifest.xml:12:22-77
uses-permission#android.permission.READ_EXTERNAL_STORAGE
ADDED from src\main\AndroidManifest.xml:13:5-96
	android:name
		ADDED from src\main\AndroidManifest.xml:13:22-77
uses-permission#android.permission.WRITE_EXTERNAL_STORAGE
ADDED from src\main\AndroidManifest.xml:14:5-97
	android:name
		ADDED from src\main\AndroidManifest.xml:14:22-78
uses-permission#android.permission.MOUNT_UNMOUNT_FILESYSTEMS
ADDED from src\main\AndroidManifest.xml:15:5-83
	android:name
		ADDED from src\main\AndroidManifest.xml:15:22-81
application
ADDED from src\main\AndroidManifest.xml:17:5-94:19
MERGED from [com.android.support:appcompat-v7:24.0.0] AndroidManifest.xml:25:5-20
MERGED from [com.android.support:support-v4:24.0.0] AndroidManifest.xml:25:5-20
MERGED from [com.android.support:support-vector-drawable:24.0.0] AndroidManifest.xml:23:5-20
MERGED from [com.android.support:support-v4:24.0.0] AndroidManifest.xml:25:5-20
MERGED from [com.android.support:animated-vector-drawable:24.0.0] AndroidManifest.xml:22:5-20
MERGED from [com.android.support:support-vector-drawable:24.0.0] AndroidManifest.xml:23:5-20
MERGED from [com.android.support:support-v4:24.0.0] AndroidManifest.xml:25:5-20
MERGED from [com.google.android.gms:play-services-appindexing:8.1.0] AndroidManifest.xml:19:5-20
MERGED from [com.google.android.gms:play-services-basement:8.1.0] AndroidManifest.xml:20:5-24:19
MERGED from [com.android.support:support-v4:24.0.0] AndroidManifest.xml:25:5-20
	android:label
		ADDED from src\main\AndroidManifest.xml:20:9-41
	android:supportsRtl
		ADDED from src\main\AndroidManifest.xml:21:9-35
	android:allowBackup
		ADDED from src\main\AndroidManifest.xml:18:9-35
	android:icon
		ADDED from src\main\AndroidManifest.xml:19:9-43
	android:theme
		ADDED from src\main\AndroidManifest.xml:22:9-40
activity#com.example.warmfire.asynctasktest.MainActivity
ADDED from src\main\AndroidManifest.xml:23:9-31:20
	android:label
		ADDED from src\main\AndroidManifest.xml:25:13-41
	android:name
		ADDED from src\main\AndroidManifest.xml:24:13-41
intent-filter#android.intent.action.MAIN+android.intent.category.LAUNCHER
ADDED from src\main\AndroidManifest.xml:26:13-30:29
action#android.intent.action.MAIN
ADDED from src\main\AndroidManifest.xml:27:17-69
	android:name
		ADDED from src\main\AndroidManifest.xml:27:25-66
category#android.intent.category.LAUNCHER
ADDED from src\main\AndroidManifest.xml:29:17-77
	android:name
		ADDED from src\main\AndroidManifest.xml:29:27-74
activity#com.example.warmfire.asynctasktest.HandlerActivity
ADDED from src\main\AndroidManifest.xml:32:9-35:20
	android:label
		ADDED from src\main\AndroidManifest.xml:33:13-44
	android:theme
		ADDED from src\main\AndroidManifest.xml:34:13-44
	android:name
		ADDED from src\main\AndroidManifest.xml:32:19-50
activity#com.example.warmfire.asynctasktest.ServletActivity
ADDED from src\main\AndroidManifest.xml:36:9-38:20
	android:label
		ADDED from src\main\AndroidManifest.xml:37:13-44
	android:name
		ADDED from src\main\AndroidManifest.xml:36:19-50
activity#com.example.warmfire.asynctasktest.JsonActivity
ADDED from src\main\AndroidManifest.xml:39:9-41:20
	android:label
		ADDED from src\main\AndroidManifest.xml:40:13-41
	android:name
		ADDED from src\main\AndroidManifest.xml:39:19-47
activity#com.example.warmfire.asynctasktest.ActivityActivity
ADDED from src\main\AndroidManifest.xml:42:9-44:20
	android:label
		ADDED from src\main\AndroidManifest.xml:43:13-45
	android:name
		ADDED from src\main\AndroidManifest.xml:42:19-51
activity#com.example.warmfire.asynctasktest.LinearlayoutActivity
ADDED from src\main\AndroidManifest.xml:45:9-47:20
	android:label
		ADDED from src\main\AndroidManifest.xml:46:13-49
	android:name
		ADDED from src\main\AndroidManifest.xml:45:19-55
activity#com.example.warmfire.asynctasktest.RelativelayoutActivity
ADDED from src\main\AndroidManifest.xml:48:9-50:20
	android:label
		ADDED from src\main\AndroidManifest.xml:49:13-51
	android:name
		ADDED from src\main\AndroidManifest.xml:48:19-57
activity#com.example.warmfire.asynctasktest.TablelayoutActivity
ADDED from src\main\AndroidManifest.xml:51:9-53:20
	android:label
		ADDED from src\main\AndroidManifest.xml:52:13-48
	android:name
		ADDED from src\main\AndroidManifest.xml:51:19-54
activity#com.example.warmfire.asynctasktest.AbsoultelayoutActivity
ADDED from src\main\AndroidManifest.xml:54:9-56:20
	android:label
		ADDED from src\main\AndroidManifest.xml:55:13-51
	android:name
		ADDED from src\main\AndroidManifest.xml:54:19-57
activity#com.example.warmfire.asynctasktest.FramelayoutActivity
ADDED from src\main\AndroidManifest.xml:57:9-59:20
	android:label
		ADDED from src\main\AndroidManifest.xml:58:13-48
	android:name
		ADDED from src\main\AndroidManifest.xml:57:19-54
activity#com.example.warmfire.asynctasktest.ContentProviderActivity
ADDED from src\main\AndroidManifest.xml:60:9-62:20
	android:label
		ADDED from src\main\AndroidManifest.xml:61:13-52
	android:name
		ADDED from src\main\AndroidManifest.xml:60:19-58
activity#com.example.warmfire.asynctasktest.ServiceActivity
ADDED from src\main\AndroidManifest.xml:63:9-65:20
	android:label
		ADDED from src\main\AndroidManifest.xml:64:13-44
	android:name
		ADDED from src\main\AndroidManifest.xml:63:19-50
activity#com.example.warmfire.asynctasktest.BroadCastActivity
ADDED from src\main\AndroidManifest.xml:66:9-68:20
	android:label
		ADDED from src\main\AndroidManifest.xml:67:13-46
	android:name
		ADDED from src\main\AndroidManifest.xml:66:19-52
activity#com.example.warmfire.asynctasktest.AnimationActivity
ADDED from src\main\AndroidManifest.xml:69:9-71:20
	android:label
		ADDED from src\main\AndroidManifest.xml:70:13-46
	android:name
		ADDED from src\main\AndroidManifest.xml:69:19-52
activity#com.example.warmfire.asynctasktest.ListView1Activity
ADDED from src\main\AndroidManifest.xml:72:9-74:20
	android:label
		ADDED from src\main\AndroidManifest.xml:73:13-46
	android:name
		ADDED from src\main\AndroidManifest.xml:72:19-52
activity#com.example.warmfire.asynctasktest.ListView2Activity
ADDED from src\main\AndroidManifest.xml:75:9-77:20
	android:label
		ADDED from src\main\AndroidManifest.xml:76:13-46
	android:name
		ADDED from src\main\AndroidManifest.xml:75:19-52
activity#com.example.warmfire.asynctasktest.ListViewActivity
ADDED from src\main\AndroidManifest.xml:78:9-80:20
	android:label
		ADDED from src\main\AndroidManifest.xml:79:13-45
	android:name
		ADDED from src\main\AndroidManifest.xml:78:19-51
activity#com.example.warmfire.asynctasktest.DownloadActivity
ADDED from src\main\AndroidManifest.xml:81:9-83:20
	android:label
		ADDED from src\main\AndroidManifest.xml:82:13-45
	android:name
		ADDED from src\main\AndroidManifest.xml:81:19-51
service#com.example.warmfire.asynctasktest.HelloService
ADDED from src\main\AndroidManifest.xml:84:9-49
	android:name
		ADDED from src\main\AndroidManifest.xml:84:18-46
receiver#com.example.warmfire.asynctasktest.MyBroadCast
ADDED from src\main\AndroidManifest.xml:85:9-89:20
	android:name
		ADDED from src\main\AndroidManifest.xml:85:19-46
intent-filter#com.example.warmfire.asynctasktest.MyBroadCast
ADDED from src\main\AndroidManifest.xml:86:13-88:29
action#com.example.warmfire.asynctasktest.MyBroadCast
ADDED from src\main\AndroidManifest.xml:87:17-96
	android:name
		ADDED from src\main\AndroidManifest.xml:87:25-86
meta-data#com.google.android.gms.version
ADDED from src\main\AndroidManifest.xml:91:9-93:69
MERGED from [com.google.android.gms:play-services-basement:8.1.0] AndroidManifest.xml:21:9-23:69
	android:value
		ADDED from src\main\AndroidManifest.xml:93:13-66
	android:name
		ADDED from src\main\AndroidManifest.xml:92:13-58
uses-sdk
INJECTED from src\main\AndroidManifest.xml reason: use-sdk injection requested
MERGED from [com.android.support:appcompat-v7:24.0.0] AndroidManifest.xml:21:5-23:78
MERGED from [com.android.support:support-v4:24.0.0] AndroidManifest.xml:21:5-23:54
MERGED from [com.android.support:support-vector-drawable:24.0.0] AndroidManifest.xml:21:5-43
MERGED from [com.android.support:support-v4:24.0.0] AndroidManifest.xml:21:5-23:54
MERGED from [com.android.support:animated-vector-drawable:24.0.0] AndroidManifest.xml:20:5-44
MERGED from [com.android.support:support-vector-drawable:24.0.0] AndroidManifest.xml:21:5-43
MERGED from [com.android.support:support-v4:24.0.0] AndroidManifest.xml:21:5-23:54
MERGED from [com.google.android.gms:play-services-appindexing:8.1.0] AndroidManifest.xml:18:5-42
MERGED from [com.google.android.gms:play-services-basement:8.1.0] AndroidManifest.xml:18:5-42
MERGED from [com.android.support:support-v4:24.0.0] AndroidManifest.xml:21:5-23:54
	tools:overrideLibrary
		ADDED from [com.android.support:appcompat-v7:24.0.0] AndroidManifest.xml:23:9-75
	android:targetSdkVersion
		INJECTED from src\main\AndroidManifest.xml
		INJECTED from src\main\AndroidManifest.xml
	android:minSdkVersion
		INJECTED from src\main\AndroidManifest.xml
		INJECTED from src\main\AndroidManifest.xml